<?xml version="1.0" encoding="UTF-8"?>
<!-- Generated by org.testng.reporters.JUnitXMLReporter -->
<testsuite ignored="0" hostname="DESKTOP-7DCAQK8" failures="0" tests="4" name="Test" time="7.618" errors="0" timestamp="2023-09-10T15:35:17 IST">
  <testcase classname="Day8.CreateUser" name="createuser" time="6.176"/>
  <testcase classname="Day8.GetUser" name="getuser" time="0.561"/>
  <testcase classname="Day8.UpdateUser" name="updateuser" time="0.449"/>
  <testcase classname="Day8.DeleteUser" name="deleteuser" time="0.284"/>
</testsuite> <!-- Test -->
