<?xml version="1.0" encoding="UTF-8"?>
<testng-results ignored="0" total="4" passed="4" failed="0" skipped="0">
  <reporter-output>
  </reporter-output>
  <suite started-at="2023-09-10T15:35:10 IST" name="Suite" finished-at="2023-09-10T15:35:17 IST" duration-ms="7618">
    <groups>
    </groups>
    <test started-at="2023-09-10T15:35:10 IST" name="Test" finished-at="2023-09-10T15:35:17 IST" duration-ms="7618">
      <class name="Day8.UpdateUser">
        <test-method signature="updateuser(org.testng.ITestContext)[pri:0, instance:Day8.UpdateUser@47d9a273]" started-at="2023-09-10T15:35:17 IST" name="updateuser" finished-at="2023-09-10T15:35:17 IST" duration-ms="449" status="PASS">
          <params>
            <param index="0">
              <value>
                <![CDATA[org.testng.TestRunner@14fc5f04]]>
              </value>
            </param>
          </params>
          <reporter-output>
          </reporter-output>
        </test-method> <!-- updateuser -->
      </class> <!-- Day8.UpdateUser -->
      <class name="Day8.GetUser">
        <test-method signature="getuser(org.testng.ITestContext)[pri:0, instance:Day8.GetUser@26e356f0]" started-at="2023-09-10T15:35:16 IST" name="getuser" finished-at="2023-09-10T15:35:17 IST" duration-ms="561" status="PASS">
          <params>
            <param index="0">
              <value>
                <![CDATA[org.testng.TestRunner@14fc5f04]]>
              </value>
            </param>
          </params>
          <reporter-output>
          </reporter-output>
        </test-method> <!-- getuser -->
      </class> <!-- Day8.GetUser -->
      <class name="Day8.DeleteUser">
        <test-method signature="deleteuser(org.testng.ITestContext)[pri:0, instance:Day8.DeleteUser@4b8ee4de]" started-at="2023-09-10T15:35:17 IST" name="deleteuser" finished-at="2023-09-10T15:35:17 IST" duration-ms="284" status="PASS">
          <params>
            <param index="0">
              <value>
                <![CDATA[org.testng.TestRunner@14fc5f04]]>
              </value>
            </param>
          </params>
          <reporter-output>
          </reporter-output>
        </test-method> <!-- deleteuser -->
      </class> <!-- Day8.DeleteUser -->
      <class name="Day8.CreateUser">
        <test-method signature="createuser(org.testng.ITestContext)[pri:0, instance:Day8.CreateUser@66f57048]" started-at="2023-09-10T15:35:10 IST" name="createuser" finished-at="2023-09-10T15:35:16 IST" duration-ms="6176" status="PASS">
          <params>
            <param index="0">
              <value>
                <![CDATA[org.testng.TestRunner@14fc5f04]]>
              </value>
            </param>
          </params>
          <reporter-output>
          </reporter-output>
        </test-method> <!-- createuser -->
      </class> <!-- Day8.CreateUser -->
    </test> <!-- Test -->
  </suite> <!-- Suite -->
</testng-results>
